Added Pin To Net: NetName=GND Pin=P?-A1
Added Pin To Net: NetName=KILL Pin=P?-A4
Added Pin To Net: NetName=GND Pin=P?-A6
Added Pin To Net: NetName=5V Pin=P?-A8
Added Pin To Net: NetName=GND Pin=P?-A13
Added Pin To Net: NetName=3.3V Pin=P?-A16
Added Pin To Net: NetName=GND Pin=P?-A18
Added Pin To Net: NetName=GND Pin=P?-A21
Added Pin To Net: NetName=GND Pin=P?-A23
Added Pin To Net: NetName=GND Pin=P?-A29
Added Pin To Net: NetName=GND Pin=P?-A33
Added Pin To Net: NetName=GND Pin=P?-A37
Added Pin To Net: NetName=BL_MOTOR Pin=P?-A39
Added Pin To Net: NetName=GND Pin=P?-A40
Added Pin To Net: NetName=3.3V Pin=P?-A41
Added Pin To Net: NetName=GND Pin=P?-A43
Added Pin To Net: NetName=5V Pin=P?-A47
Added Pin To Net: NetName=GND Pin=P?-A48
Added Pin To Net: NetName=GND Pin=P?-A49
Added Pin To Net: NetName=GND Pin=P?-A50
Added Pin To Net: NetName=GND Pin=P?-A51
Added Pin To Net: NetName=GND Pin=P?-A52
Added Pin To Net: NetName=GND Pin=P?-A53
Added Pin To Net: NetName=GND Pin=P?-A54
Added Pin To Net: NetName=GND Pin=P?-A55
Added Pin To Net: NetName=GND Pin=P?-A56
Added Pin To Net: NetName=GND Pin=P?-A57
Added Pin To Net: NetName=GND Pin=P?-A58
Added Pin To Net: NetName=GND Pin=P?-A59
Added Pin To Net: NetName=GND Pin=P?-A60
Added Pin To Net: NetName=GND Pin=P?-A61
Added Pin To Net: NetName=GND Pin=P?-A62
Added Pin To Net: NetName=GND Pin=P?-A63
Added Pin To Net: NetName=GND Pin=P?-A64
Added Pin To Net: NetName=GND Pin=P?-A65
Added Pin To Net: NetName=GND Pin=P?-A66
Added Pin To Net: NetName=GND Pin=P?-A67
Added Pin To Net: NetName=GND Pin=P?-A68
Added Pin To Net: NetName=GND Pin=P?-A69
Added Pin To Net: NetName=GND Pin=P?-A70
Added Pin To Net: NetName=GND Pin=P?-A71
Added Pin To Net: NetName=GND Pin=P?-A72
Added Pin To Net: NetName=GND Pin=P?-A73
Added Pin To Net: NetName=GND Pin=P?-A74
Added Pin To Net: NetName=GND Pin=P?-A75
Added Pin To Net: NetName=GND Pin=P?-A76
Added Pin To Net: NetName=GND Pin=P?-A77
Added Pin To Net: NetName=GND Pin=P?-A78
Added Pin To Net: NetName=GND Pin=P?-A79
Added Pin To Net: NetName=GND Pin=P?-A80
Added Pin To Net: NetName=GND Pin=P?-A81
Added Pin To Net: NetName=GND Pin=P?-A82
Added Pin To Net: NetName=GND Pin=P?-B1
Added Pin To Net: NetName=KILL Pin=P?-B4
Added Pin To Net: NetName=GND Pin=P?-B6
Added Pin To Net: NetName=5V Pin=P?-B8
Added Pin To Net: NetName=GND Pin=P?-B13
Added Pin To Net: NetName=3.3V Pin=P?-B16
Added Pin To Net: NetName=GND Pin=P?-B18
Added Pin To Net: NetName=GND Pin=P?-B21
Added Pin To Net: NetName=GND Pin=P?-B23
Added Pin To Net: NetName=5V Pin=P?-B26
Added Pin To Net: NetName=GND Pin=P?-B30
Added Pin To Net: NetName=GND Pin=P?-B34
Added Pin To Net: NetName=GND Pin=P?-B38
Added Pin To Net: NetName=5V Pin=P?-B40
Added Pin To Net: NetName=BR_MOTOR Pin=P?-B41
Added Pin To Net: NetName=FL_MOTOR Pin=P?-B42
Added Pin To Net: NetName=FR_MOTOR Pin=P?-B44
Added Pin To Net: NetName=GND Pin=P?-B45
Added Pin To Net: NetName=GND Pin=P?-B48
Added Room: Name=PCIE
Added Room: Name=U_FlightControllerBoard
